{
  "RSpec": {
    "coverage": {
      "/Users/student/Projects/week2/oystercard/spec/journey_log_spec.rb": [
        1,
        null,
        1,
        null,
        5,
        4,
        null,
        1,
        1,
        1,
        null,
        null,
        1,
        1,
        1,
        1,
        null,
        null,
        1,
        1,
        1,
        1,
        null,
        null,
        1,
        1,
        1,
        1,
        null,
        null,
        null
      ],
      "/Users/student/Projects/week2/oystercard/lib/journey_log.rb": [
        1,
        1,
        null,
        1,
        11,
        null,
        null,
        1,
        7,
        null,
        null,
        1,
        6,
        6,
        null,
        null,
        null,
        1,
        1,
        6,
        null,
        null
      ],
      "/Users/student/Projects/week2/oystercard/spec/journey_spec.rb": [
        1,
        null,
        1,
        1,
        1,
        7,
        null,
        7,
        null,
        1,
        1,
        null,
        null,
        1,
        1,
        null,
        null,
        1,
        1,
        null,
        null,
        1,
        4,
        null,
        1,
        3,
        null,
        null,
        1,
        1,
        null,
        null,
        1,
        1,
        null,
        null,
        1,
        1,
        null,
        null,
        null,
        null
      ],
      "/Users/student/Projects/week2/oystercard/lib/journey.rb": [
        1,
        1,
        null,
        1,
        1,
        null,
        1,
        13,
        null,
        null,
        1,
        3,
        null,
        null,
        1,
        4,
        null,
        null,
        1,
        2,
        null,
        null,
        null
      ],
      "/Users/student/Projects/week2/oystercard/spec/oystercard_spec.rb": [
        1,
        null,
        1,
        null,
        5,
        4,
        null,
        1,
        3,
        null,
        null,
        1,
        4,
        null,
        null,
        1,
        1,
        null,
        null,
        1,
        1,
        1,
        1,
        null,
        null,
        1,
        1,
        2,
        null,
        null,
        null,
        1,
        null,
        1,
        2,
        null,
        null,
        null,
        null,
        1,
        1,
        2,
        2,
        null,
        null,
        1,
        3,
        null,
        null,
        1,
        1,
        0,
        null,
        null,
        null,
        1,
        1,
        1,
        1,
        1,
        null,
        0,
        null,
        0,
        0,
        null,
        null,
        null
      ],
      "/Users/student/Projects/week2/oystercard/lib/oystercard.rb": [
        1,
        1,
        null,
        1,
        1,
        1,
        null,
        1,
        7,
        7,
        null,
        null,
        1,
        5,
        null,
        4,
        null,
        null,
        1,
        4,
        null,
        3,
        null,
        null,
        1,
        3,
        3,
        null,
        null,
        null,
        1,
        null,
        1,
        4,
        null,
        null,
        1,
        5,
        null,
        null,
        1,
        0,
        null,
        null,
        1,
        null,
        null,
        null,
        null
      ],
      "/Users/student/Projects/week2/oystercard/spec/station_spec.rb": [
        1,
        null,
        1,
        3,
        null,
        1,
        1,
        null,
        null,
        1,
        1,
        null,
        null
      ],
      "/Users/student/Projects/week2/oystercard/lib/station.rb": [
        1,
        1,
        null,
        1,
        2,
        2,
        null,
        null
      ]
    },
    "timestamp": 1567166092
  }
}
